<?xml version="1.0" encoding="UTF-8"?>
<!-- Generated by org.testng.reporters.JUnitReportReporter -->
<testsuite hostname="Pratik-PC" name="TestNG_Package.Test1" tests="1" failures="0" timestamp="27 Jan 2016 06:08:03 GMT" time="0.009" errors="0">
  <testcase name="testPrintMessage" time="0.009" classname="TestNG_Package.Test1"/>
</testsuite> <!-- TestNG_Package.Test1 -->
