<?xml version="1.0" encoding="UTF-8"?>
<!-- Generated by org.testng.reporters.JUnitReportReporter -->
<testsuite hostname="Pratik-PC" name="TestNG_Package.TestNG_Class" tests="1" failures="0" timestamp="27 Jan 2016 05:57:42 GMT" time="0.007" errors="0">
  <testcase name="f" time="0.007" classname="TestNG_Package.TestNG_Class"/>
</testsuite> <!-- TestNG_Package.TestNG_Class -->
