<?xml version="1.0" encoding="UTF-8"?>
<!-- Generated by org.testng.reporters.JUnitReportReporter -->
<testsuite hostname="Pratik-PC" name="TestNG_Package.TestNG_Classes.Class_test" tests="2" failures="0" timestamp="27 Jan 2016 14:45:26 GMT" time="0.010" errors="0">
  <testcase name="addData" time="0.008" classname="TestNG_Package.TestNG_Classes.Class_test"/>
  <testcase name="retrieveData" time="0.002" classname="TestNG_Package.TestNG_Classes.Class_test"/>
</testsuite> <!-- TestNG_Package.TestNG_Classes.Class_test -->
