<?xml version="1.0" encoding="UTF-8"?>
<!-- Generated by org.testng.reporters.JUnitReportReporter -->
<testsuite hostname="Pratik-PC" name="TestNG_Package.Test2" tests="1" failures="0" timestamp="26 Jan 2016 17:42:41 GMT" time="0.046" errors="0">
  <testcase name="testSalutationMessage" time="0.046" classname="TestNG_Package.Test2"/>
</testsuite> <!-- TestNG_Package.Test2 -->
